  Animation.cpp
E:\old hdd\hdd\Msi Rick\2dcgame\2DGame\2DGame\Animation.cpp(12,37): warning C4244: '=': conversion from 'float' to 'T', possible loss of data
          with
          [
              T=int
          ]
  Button.cpp
E:\old hdd\hdd\Msi Rick\2dcgame\2DGame\2DGame\Button.cpp(11,68): warning C4244: 'argument': conversion from 'T' to 'T', possible loss of data
          with
          [
              T=unsigned int
          ]
          and
          [
              T=float
          ]
E:\old hdd\hdd\Msi Rick\2dcgame\2DGame\2DGame\Button.cpp(11,46): warning C4244: 'argument': conversion from 'T' to 'T', possible loss of data
          with
          [
              T=unsigned int
          ]
          and
          [
              T=float
          ]
E:\old hdd\hdd\Msi Rick\2dcgame\2DGame\2DGame\Button.cpp(14,78): warning C4244: 'argument': conversion from 'T' to 'T', possible loss of data
          with
          [
              T=unsigned int
          ]
          and
          [
              T=float
          ]
E:\old hdd\hdd\Msi Rick\2dcgame\2DGame\2DGame\Button.cpp(14,52): warning C4244: 'argument': conversion from 'T' to 'T', possible loss of data
          with
          [
              T=unsigned int
          ]
          and
          [
              T=float
          ]
E:\old hdd\hdd\Msi Rick\2dcgame\2DGame\2DGame\Button.cpp(26,68): warning C4244: 'argument': conversion from 'T' to 'T', possible loss of data
          with
          [
              T=unsigned int
          ]
          and
          [
              T=float
          ]
E:\old hdd\hdd\Msi Rick\2dcgame\2DGame\2DGame\Button.cpp(26,46): warning C4244: 'argument': conversion from 'T' to 'T', possible loss of data
          with
          [
              T=unsigned int
          ]
          and
          [
              T=float
          ]
E:\old hdd\hdd\Msi Rick\2dcgame\2DGame\2DGame\Button.cpp(28,78): warning C4244: 'argument': conversion from 'T' to 'T', possible loss of data
          with
          [
              T=unsigned int
          ]
          and
          [
              T=float
          ]
E:\old hdd\hdd\Msi Rick\2dcgame\2DGame\2DGame\Button.cpp(28,52): warning C4244: 'argument': conversion from 'T' to 'T', possible loss of data
          with
          [
              T=unsigned int
          ]
          and
          [
              T=float
          ]
E:\old hdd\hdd\Msi Rick\2dcgame\2DGame\2DGame\Button.cpp(58,74): warning C4244: 'argument': conversion from 'float' to 'T', possible loss of data
          with
          [
              T=int
          ]
E:\old hdd\hdd\Msi Rick\2dcgame\2DGame\2DGame\Button.cpp(58,60): warning C4244: 'argument': conversion from 'float' to 'T', possible loss of data
          with
          [
              T=int
          ]
E:\old hdd\hdd\Msi Rick\2dcgame\2DGame\2DGame\Button.cpp(59,80): warning C4244: 'argument': conversion from 'float' to 'T', possible loss of data
          with
          [
              T=int
          ]
E:\old hdd\hdd\Msi Rick\2dcgame\2DGame\2DGame\Button.cpp(59,66): warning C4244: 'argument': conversion from 'float' to 'T', possible loss of data
          with
          [
              T=int
          ]
  Collider.cpp
  GameManager.cpp
E:\old hdd\hdd\Msi Rick\2dcgame\2DGame\2DGame\ParticleSystem.h(8,16): warning C4244: 'argument': conversion from 'float' to 'T', possible loss of data
          with
          [
              T=int
          ]
E:\old hdd\hdd\Msi Rick\2dcgame\2DGame\2DGame\Tile.h(72,39): warning C4244: '=': conversion from 'int' to 'float', possible loss of data
E:\old hdd\hdd\Msi Rick\2dcgame\2DGame\2DGame\Tile.h(80,43): warning C4244: '=': conversion from 'int' to 'float', possible loss of data
E:\old hdd\hdd\Msi Rick\2dcgame\2DGame\2DGame\GameManager.cpp(399,58): warning C4244: 'argument': conversion from 'T' to 'T', possible loss of data
          with
          [
              T=unsigned int
          ]
          and
          [
              T=float
          ]
E:\old hdd\hdd\Msi Rick\2dcgame\2DGame\2DGame\GameManager.cpp(399,38): warning C4244: 'argument': conversion from 'T' to 'T', possible loss of data
          with
          [
              T=unsigned int
          ]
          and
          [
              T=float
          ]
  GUIManager.cpp
E:\old hdd\hdd\Msi Rick\2dcgame\2DGame\2DGame\ParticleSystem.h(8,16): warning C4244: 'argument': conversion from 'float' to 'T', possible loss of data
          with
          [
              T=int
          ]
E:\old hdd\hdd\Msi Rick\2dcgame\2DGame\2DGame\Tile.h(72,39): warning C4244: '=': conversion from 'int' to 'float', possible loss of data
E:\old hdd\hdd\Msi Rick\2dcgame\2DGame\2DGame\Tile.h(80,43): warning C4244: '=': conversion from 'int' to 'float', possible loss of data
  LevelManager.cpp
E:\old hdd\hdd\Msi Rick\2dcgame\2DGame\2DGame\ParticleSystem.h(8,16): warning C4244: 'argument': conversion from 'float' to 'T', possible loss of data
          with
          [
              T=int
          ]
E:\old hdd\hdd\Msi Rick\2dcgame\2DGame\2DGame\Tile.h(72,39): warning C4244: '=': conversion from 'int' to 'float', possible loss of data
E:\old hdd\hdd\Msi Rick\2dcgame\2DGame\2DGame\Tile.h(80,43): warning C4244: '=': conversion from 'int' to 'float', possible loss of data
E:\old hdd\hdd\Msi Rick\2dcgame\2DGame\2DGame\LevelManager.cpp(56,20): warning C4018: '<': signed/unsigned mismatch
E:\old hdd\hdd\Msi Rick\2dcgame\2DGame\2DGame\LevelManager.cpp(86,21): warning C4018: '<': signed/unsigned mismatch
E:\old hdd\hdd\Msi Rick\2dcgame\2DGame\2DGame\LevelManager.cpp(166,25): warning C4244: '=': conversion from 'int' to 'T', possible loss of data
          with
          [
              T=float
          ]
E:\old hdd\hdd\Msi Rick\2dcgame\2DGame\2DGame\LevelManager.cpp(167,25): warning C4244: '=': conversion from 'int' to 'T', possible loss of data
          with
          [
              T=float
          ]
E:\old hdd\hdd\Msi Rick\2dcgame\2DGame\2DGame\LevelManager.cpp(220,21): warning C4018: '<': signed/unsigned mismatch
E:\old hdd\hdd\Msi Rick\2dcgame\2DGame\2DGame\LevelManager.cpp(222,10): warning C4018: '<': signed/unsigned mismatch
  main.cpp
E:\old hdd\hdd\Msi Rick\2dcgame\2DGame\2DGame\ParticleSystem.h(8,16): warning C4244: 'argument': conversion from 'float' to 'T', possible loss of data
          with
          [
              T=int
          ]
E:\old hdd\hdd\Msi Rick\2dcgame\2DGame\2DGame\Tile.h(72,39): warning C4244: '=': conversion from 'int' to 'float', possible loss of data
E:\old hdd\hdd\Msi Rick\2dcgame\2DGame\2DGame\Tile.h(80,43): warning C4244: '=': conversion from 'int' to 'float', possible loss of data
E:\old hdd\hdd\Msi Rick\2dcgame\2DGame\2DGame\main.cpp(63,42): warning C4244: 'argument': conversion from 'float' to 'unsigned int', possible loss of data
E:\old hdd\hdd\Msi Rick\2dcgame\2DGame\2DGame\main.cpp(63,33): warning C4244: 'argument': conversion from 'float' to 'unsigned int', possible loss of data
E:\old hdd\hdd\Msi Rick\2dcgame\2DGame\2DGame\main.cpp(76,63): warning C4244: 'argument': conversion from 'T' to 'int', possible loss of data
          with
          [
              T=float
          ]
  Panel.cpp
E:\old hdd\hdd\Msi Rick\2dcgame\2DGame\2DGame\Panel.cpp(29,20): warning C4018: '<': signed/unsigned mismatch
  Particle.cpp
E:\old hdd\hdd\Msi Rick\2dcgame\2DGame\2DGame\Particle.cpp(15,64): warning C4244: 'argument': conversion from 'T' to 'float', possible loss of data
          with
          [
              T=unsigned int
          ]
E:\old hdd\hdd\Msi Rick\2dcgame\2DGame\2DGame\Particle.cpp(15,39): warning C4244: 'argument': conversion from 'T' to 'float', possible loss of data
          with
          [
              T=unsigned int
          ]
  ParticleSystem.cpp
E:\old hdd\hdd\Msi Rick\2dcgame\2DGame\2DGame\ParticleSystem.h(8,16): warning C4244: 'argument': conversion from 'float' to 'T', possible loss of data
          with
          [
              T=int
          ]
E:\old hdd\hdd\Msi Rick\2dcgame\2DGame\2DGame\ParticleSystem.cpp(27,134): warning C4244: 'argument': conversion from 'T' to 'T', possible loss of data
          with
          [
              T=int
          ]
          and
          [
              T=float
          ]
E:\old hdd\hdd\Msi Rick\2dcgame\2DGame\2DGame\ParticleSystem.cpp(33,20): warning C4018: '<': signed/unsigned mismatch
E:\old hdd\hdd\Msi Rick\2dcgame\2DGame\2DGame\ParticleSystem.cpp(35,9): warning C4018: '<': signed/unsigned mismatch
E:\old hdd\hdd\Msi Rick\2dcgame\2DGame\2DGame\ParticleSystem.cpp(63,20): warning C4018: '<': signed/unsigned mismatch
  SoundManager.cpp
E:\old hdd\hdd\Msi Rick\2dcgame\2DGame\2DGame\SoundManager.cpp(11,20): warning C4018: '<': signed/unsigned mismatch
  Text.cpp
E:\old hdd\hdd\Msi Rick\2dcgame\2DGame\2DGame\Text.cpp(7,31): warning C4244: 'argument': conversion from 'float' to 'unsigned int', possible loss of data
E:\old hdd\hdd\Msi Rick\2dcgame\2DGame\2DGame\Text.cpp(20,75): warning C4244: 'argument': conversion from 'float' to 'T', possible loss of data
          with
          [
              T=int
          ]
E:\old hdd\hdd\Msi Rick\2dcgame\2DGame\2DGame\Text.cpp(20,62): warning C4244: 'argument': conversion from 'float' to 'T', possible loss of data
          with
          [
              T=int
          ]
  Tile.cpp
E:\old hdd\hdd\Msi Rick\2dcgame\2DGame\2DGame\ParticleSystem.h(8,16): warning C4244: 'argument': conversion from 'float' to 'T', possible loss of data
          with
          [
              T=int
          ]
E:\old hdd\hdd\Msi Rick\2dcgame\2DGame\2DGame\Tile.h(72,39): warning C4244: '=': conversion from 'int' to 'float', possible loss of data
E:\old hdd\hdd\Msi Rick\2dcgame\2DGame\2DGame\Tile.h(80,43): warning C4244: '=': conversion from 'int' to 'float', possible loss of data
E:\old hdd\hdd\Msi Rick\2dcgame\2DGame\2DGame\Tile.cpp(34,117): warning C4244: 'argument': conversion from 'float' to 'T', possible loss of data
          with
          [
              T=int
          ]
E:\old hdd\hdd\Msi Rick\2dcgame\2DGame\2DGame\Tile.cpp(34,111): warning C4244: 'argument': conversion from 'float' to 'T', possible loss of data
          with
          [
              T=int
          ]
E:\old hdd\hdd\Msi Rick\2dcgame\2DGame\2DGame\Tile.cpp(34,145): warning C4244: 'argument': conversion from 'float' to 'T', possible loss of data
          with
          [
              T=int
          ]
E:\old hdd\hdd\Msi Rick\2dcgame\2DGame\2DGame\Tile.cpp(34,137): warning C4244: 'argument': conversion from 'float' to 'T', possible loss of data
          with
          [
              T=int
          ]
  Player.cpp
E:\old hdd\hdd\Msi Rick\2dcgame\2DGame\2DGame\ParticleSystem.h(8,16): warning C4244: 'argument': conversion from 'float' to 'T', possible loss of data
          with
          [
              T=int
          ]
E:\old hdd\hdd\Msi Rick\2dcgame\2DGame\2DGame\Player.cpp(29,113): warning C4244: 'argument': conversion from 'float' to 'T', possible loss of data
          with
          [
              T=int
          ]
E:\old hdd\hdd\Msi Rick\2dcgame\2DGame\2DGame\Player.cpp(29,108): warning C4244: 'argument': conversion from 'float' to 'T', possible loss of data
          with
          [
              T=int
          ]
E:\old hdd\hdd\Msi Rick\2dcgame\2DGame\2DGame\Player.cpp(29,141): warning C4244: 'argument': conversion from 'float' to 'T', possible loss of data
          with
          [
              T=int
          ]
E:\old hdd\hdd\Msi Rick\2dcgame\2DGame\2DGame\Player.cpp(29,133): warning C4244: 'argument': conversion from 'float' to 'T', possible loss of data
          with
          [
              T=int
          ]
E:\old hdd\hdd\Msi Rick\2dcgame\2DGame\2DGame\Player.cpp(30,130): warning C4244: 'argument': conversion from 'float' to 'T', possible loss of data
          with
          [
              T=int
          ]
E:\old hdd\hdd\Msi Rick\2dcgame\2DGame\2DGame\Player.cpp(30,124): warning C4244: 'argument': conversion from 'float' to 'T', possible loss of data
          with
          [
              T=int
          ]
E:\old hdd\hdd\Msi Rick\2dcgame\2DGame\2DGame\Player.cpp(30,156): warning C4244: 'argument': conversion from 'float' to 'T', possible loss of data
          with
          [
              T=int
          ]
E:\old hdd\hdd\Msi Rick\2dcgame\2DGame\2DGame\Player.cpp(30,150): warning C4244: 'argument': conversion from 'float' to 'T', possible loss of data
          with
          [
              T=int
          ]
  Generating Code...
  2DGame.vcxproj -> E:\old hdd\hdd\Msi Rick\2dcgame\2DGame\Debug\2DGame.exe
