  Collider.cpp
  ParticleSystem.cpp
c:\users\rickr\documents\2dcgame\2dgame\2dgame\particlesystem.h(8): warning C4244: 'argument': conversion from 'float' to 'T', possible loss of data
          with
          [
              T=int
          ]
c:\users\rickr\documents\2dcgame\2dgame\2dgame\particlesystem.cpp(27): warning C4244: 'argument': conversion from 'T' to 'T', possible loss of data
          with
          [
              T=int
          ]
          and
          [
              T=float
          ]
c:\users\rickr\documents\2dcgame\2dgame\2dgame\particlesystem.cpp(33): warning C4018: '<': signed/unsigned mismatch
c:\users\rickr\documents\2dcgame\2dgame\2dgame\particlesystem.cpp(35): warning C4018: '<': signed/unsigned mismatch
c:\users\rickr\documents\2dcgame\2dgame\2dgame\particlesystem.cpp(63): warning C4018: '<': signed/unsigned mismatch
  Player.cpp
c:\users\rickr\documents\2dcgame\2dgame\2dgame\particlesystem.h(8): warning C4244: 'argument': conversion from 'float' to 'T', possible loss of data
          with
          [
              T=int
          ]
c:\users\rickr\documents\2dcgame\2dgame\2dgame\player.cpp(29): warning C4244: 'argument': conversion from 'float' to 'T', possible loss of data
          with
          [
              T=int
          ]
c:\users\rickr\documents\2dcgame\2dgame\2dgame\player.cpp(30): warning C4244: 'argument': conversion from 'float' to 'T', possible loss of data
          with
          [
              T=int
          ]
  Generating code
  0 of 952 functions ( 0.0%) were compiled, the rest were copied from previous compilation.
    0 functions were new in current compilation
    1 functions had inline decision re-evaluated but remain unchanged
  Finished generating code
  2DGame.vcxproj -> C:\Users\rickr\Documents\2dcgame\2DGame\Release\2DGame.exe
